2025-04-15 21:41:16,515 - INFO - Initializing environments...
2025-04-15 21:41:17,421 - ERROR - Error in main: 'WormEnv' object has no attribute 'seed'
2025-04-15 21:41:17,421 - INFO - Cleaning up...
2025-04-15 21:41:44,366 - INFO - Initializing environments...
2025-04-15 21:41:46,290 - INFO - Creating PPO agent...
2025-04-15 21:41:46,308 - INFO - Starting training...
2025-04-15 21:42:02,789 - INFO - Training interrupted by user.
2025-04-15 21:42:02,823 - INFO - Final model saved to ./trained_models\worm_ppo_final_20250415_214202
2025-04-15 21:42:02,823 - INFO - Testing trained agent...
2025-04-15 21:42:03,691 - INFO - Episode 1 reward: -10.00
2025-04-15 21:42:04,508 - INFO - Episode 2 reward: -10.00
2025-04-15 21:42:05,427 - INFO - Episode 3 reward: -10.00
2025-04-15 21:42:06,326 - INFO - Episode 4 reward: -10.00
2025-04-15 21:42:06,926 - INFO - Episode 5 reward: 0.00
2025-04-15 21:42:06,926 - INFO - Mean reward over 5 episodes: -8.00
2025-04-15 21:42:06,927 - INFO - Cleaning up...
2025-04-15 21:44:32,046 - INFO - Initializing environments...
2025-04-15 21:44:33,912 - INFO - Creating PPO agent...
2025-04-15 21:44:33,934 - INFO - Starting training...
2025-04-15 21:45:27,523 - INFO - Training interrupted by user.
2025-04-15 21:45:27,570 - INFO - Final model saved to ./trained_models\worm_ppo_final_20250415_214527
2025-04-15 21:45:27,571 - INFO - Testing trained agent...
2025-04-15 21:45:28,464 - INFO - Episode 1 reward: -10.00
2025-04-15 21:45:29,350 - INFO - Episode 2 reward: -10.00
2025-04-15 21:45:30,269 - INFO - Episode 3 reward: -10.00
2025-04-15 21:45:30,968 - INFO - Episode 4 reward: -10.00
2025-04-15 21:45:31,032 - INFO - Episode 5 reward: -10.00
2025-04-15 21:45:31,033 - INFO - Mean reward over 5 episodes: -10.00
2025-04-15 21:45:31,033 - INFO - Cleaning up...
2025-04-15 21:46:51,729 - INFO - Initializing environments...
2025-04-15 21:46:56,549 - INFO - Initializing environments...
2025-04-15 21:46:58,506 - INFO - Creating PPO agent...
2025-04-15 21:46:58,525 - INFO - Starting training...
2025-04-15 21:47:16,726 - INFO - Training interrupted by user.
2025-04-15 21:47:16,769 - INFO - Final model saved to ./trained_models\worm_ppo_final_20250415_214716
2025-04-15 21:47:16,770 - INFO - Testing trained agent...
2025-04-15 21:47:17,629 - INFO - Episode 1 reward: -10.00
2025-04-15 21:47:18,516 - INFO - Episode 2 reward: -10.00
2025-04-15 21:47:19,235 - INFO - Episode 3 reward: -10.00
2025-04-15 21:47:19,294 - INFO - Episode 4 reward: -10.00
2025-04-15 21:47:19,347 - INFO - Episode 5 reward: -10.00
2025-04-15 21:47:19,350 - INFO - Mean reward over 5 episodes: -10.00
2025-04-15 21:47:19,350 - INFO - Cleaning up...
2025-04-15 21:49:00,452 - INFO - Initializing environments...
2025-04-15 21:49:02,376 - INFO - Creating PPO agent...
2025-04-15 21:49:02,394 - INFO - Starting training...
2025-04-15 21:52:18,370 - INFO - Training interrupted by user.
2025-04-15 21:52:18,409 - INFO - Final model saved to ./trained_models\worm_ppo_final_20250415_215218
2025-04-15 21:52:18,410 - INFO - Testing trained agent...
2025-04-15 21:52:19,244 - INFO - Episode 1 reward: -10.00
2025-04-15 21:52:20,075 - INFO - Episode 2 reward: -10.00
2025-04-15 21:52:20,960 - INFO - Episode 3 reward: -10.00
2025-04-15 21:52:21,828 - INFO - Episode 4 reward: -10.00
2025-04-15 21:52:22,711 - INFO - Episode 5 reward: -10.00
2025-04-15 21:52:22,712 - INFO - Mean reward over 5 episodes: -10.00
2025-04-15 21:52:22,712 - INFO - Cleaning up...
2025-04-15 21:54:35,648 - INFO - Initializing environments...
2025-04-15 21:54:36,587 - ERROR - Error in main: 'int' object is not iterable
2025-04-15 21:54:36,588 - INFO - Cleaning up...
2025-04-15 21:55:07,271 - INFO - Initializing environments...
2025-04-15 21:55:09,744 - INFO - Creating PPO agent...
2025-04-15 21:55:09,761 - INFO - Starting training...
